<?xml version="1.0" encoding="UTF-8"?>
<testng-results ignored="0" total="2" passed="2" failed="0" skipped="0">
  <reporter-output>
  </reporter-output>
  <suite started-at="2022-03-09T13:01:11 IST" name="Default suite" finished-at="2022-03-09T13:01:18 IST" duration-ms="6544">
    <groups>
    </groups>
    <test started-at="2022-03-09T13:01:11 IST" name="Default test" finished-at="2022-03-09T13:01:18 IST" duration-ms="6544">
      <class name="API.Automation.FirstScript">
        <test-method signature="Statuscheck200()[pri:1, instance:API.Automation.FirstScript@1b2abca6]" started-at="2022-03-09T13:01:12 IST" name="Statuscheck200" finished-at="2022-03-09T13:01:17 IST" duration-ms="5696" status="PASS">
          <reporter-output>
          </reporter-output>
        </test-method> <!-- Statuscheck200 -->
        <test-method signature="statuscheck404()[pri:2, instance:API.Automation.FirstScript@1b2abca6]" started-at="2022-03-09T13:01:17 IST" name="statuscheck404" finished-at="2022-03-09T13:01:18 IST" duration-ms="771" status="PASS">
          <reporter-output>
          </reporter-output>
        </test-method> <!-- statuscheck404 -->
      </class> <!-- API.Automation.FirstScript -->
    </test> <!-- Default test -->
  </suite> <!-- Default suite -->
</testng-results>
